2024-11-11 19:44:12,811 - SmartQueue - INFO - Added new download: Spotify Bricked The Car Thing, So I Hacked Mine
2024-11-11 19:44:29,544 - SmartQueue - INFO - Added new download: Spotify Bricked The Car Thing, So I Hacked Mine
2024-11-11 19:46:21,992 - SmartQueue - INFO - Added new download: Chamber Of Reflection
2024-11-11 19:48:45,644 - SmartQueue - INFO - Added new download: Chamber Of Reflection
2024-11-11 19:50:17,289 - SmartQueue - INFO - Added new download: Chamber Of Reflection
2024-11-11 19:50:17,291 - SmartQueue - ERROR - Failed to start download: 'NoneType' object has no attribute 'download_manager'
2024-11-11 19:51:25,375 - SmartQueue - INFO - Added new download: Chamber Of Reflection
2024-11-11 19:51:25,376 - SmartQueue - ERROR - Failed to start download: 'NoneType' object has no attribute 'download_manager'
2024-11-11 19:52:43,405 - SmartQueue - INFO - Added new download: Chamber Of Reflection
2024-11-11 19:53:54,723 - SmartQueue - INFO - Added new download: berlioz - deep in it
2024-11-11 19:53:55,789 - SmartQueue - INFO - Download completed: berlioz - deep in it
2024-11-11 19:56:36,511 - SmartQueue - INFO - Added new download: Portishead - Glory Box
2024-11-11 19:56:37,393 - SmartQueue - INFO - Download completed: Portishead - Glory Box
2024-11-11 20:01:14,678 - SmartQueue - INFO - Added new download: Spotify Bricked The Car Thing, So I Hacked Mine
2024-11-11 20:01:18,645 - SmartQueue - INFO - Download completed: Spotify Bricked The Car Thing, So I Hacked Mine
2024-11-11 20:04:48,232 - SmartQueue - INFO - Added new download: Spotify Bricked The Car Thing, So I Hacked Mine
2024-11-11 20:04:59,761 - SmartQueue - INFO - Download completed: Spotify Bricked The Car Thing, So I Hacked Mine
2024-11-11 20:06:43,377 - SmartQueue - INFO - Added new download: Chamber Of Reflection
2024-11-11 20:06:43,378 - SmartQueue - INFO - Added new download: For the First Time
2024-11-11 20:06:43,378 - SmartQueue - INFO - Added new download: Mac DeMarco // "My Kind Of Woman"
2024-11-11 20:06:44,422 - SmartQueue - INFO - Download completed: Mac DeMarco // "My Kind Of Woman"
2024-11-11 20:06:44,699 - SmartQueue - INFO - Download completed: Chamber Of Reflection
2024-11-11 20:06:44,783 - SmartQueue - INFO - Download completed: For the First Time
2024-11-11 20:07:33,453 - SmartQueue - INFO - Added new download: Chamber Of Reflection
2024-11-11 20:07:33,454 - SmartQueue - INFO - Added new download: For the First Time
2024-11-11 20:07:33,454 - SmartQueue - INFO - Added new download: Mac DeMarco // "My Kind Of Woman"
2024-11-11 20:07:33,454 - SmartQueue - INFO - Added new download: Mac DeMarco // No Other Heart (Official Audio)
2024-11-11 20:07:33,454 - SmartQueue - INFO - Added new download: Moonlight on the River
2024-11-11 20:07:34,532 - SmartQueue - INFO - Download completed: Mac DeMarco // "My Kind Of Woman"
2024-11-11 20:07:34,756 - SmartQueue - INFO - Download completed: Chamber Of Reflection
2024-11-11 20:07:34,970 - SmartQueue - INFO - Download completed: For the First Time
2024-11-11 20:07:36,035 - SmartQueue - INFO - Download completed: Mac DeMarco // No Other Heart (Official Audio)
2024-11-11 20:07:37,415 - SmartQueue - INFO - Download completed: Moonlight on the River
2024-11-11 20:08:09,690 - SmartQueue - INFO - Added new download: berlioz - deep in it
2024-11-11 20:08:09,690 - SmartQueue - INFO - Added new download: berlioz - jazz is for ordinary people
2024-11-11 20:08:09,690 - SmartQueue - INFO - Added new download: berlioz - wash my sins away
2024-11-11 20:08:09,690 - SmartQueue - INFO - Added new download: berlioz - jazz is for ordinary people - EP
2024-11-11 20:08:09,691 - SmartQueue - INFO - Added new download: joycelyn's dance
2024-11-11 20:08:09,691 - SmartQueue - INFO - Added new download: berlioz - nyc in 1940
2024-11-11 20:08:09,691 - SmartQueue - INFO - Added new download: ode to rahsaan
2024-11-11 20:08:09,691 - SmartQueue - INFO - Added new download: berlioz - miro
2024-11-11 20:08:21,514 - SmartQueue - INFO - Download completed: berlioz - jazz is for ordinary people
2024-11-11 20:08:23,038 - SmartQueue - INFO - Download completed: joycelyn's dance
2024-11-11 20:08:23,705 - SmartQueue - INFO - Download completed: berlioz - deep in it
2024-11-11 20:08:25,309 - SmartQueue - INFO - Download completed: ode to rahsaan
2024-11-11 20:08:28,066 - SmartQueue - INFO - Download completed: berlioz - nyc in 1940
2024-11-11 20:08:30,618 - SmartQueue - INFO - Download completed: berlioz - wash my sins away
2024-11-11 20:08:32,131 - SmartQueue - INFO - Download completed: berlioz - jazz is for ordinary people - EP
2024-11-11 20:08:43,537 - SmartQueue - INFO - Download completed: berlioz - miro
2024-11-11 20:09:28,987 - SmartQueue - INFO - Added new download: berlioz - deep in it
2024-11-11 20:09:28,987 - SmartQueue - INFO - Added new download: berlioz - jazz is for ordinary people
2024-11-11 20:09:28,987 - SmartQueue - INFO - Added new download: berlioz - wash my sins away
2024-11-11 20:09:28,987 - SmartQueue - INFO - Added new download: berlioz - nyc in 1940
2024-11-11 20:09:28,987 - SmartQueue - INFO - Added new download: ode to rahsaan
2024-11-11 20:09:28,987 - SmartQueue - INFO - Added new download: berlioz - miro
2024-11-11 20:09:29,697 - SmartQueue - INFO - Download completed: berlioz - jazz is for ordinary people
2024-11-11 20:09:29,812 - SmartQueue - INFO - Download completed: berlioz - deep in it
2024-11-11 20:09:29,896 - SmartQueue - INFO - Download completed: berlioz - wash my sins away
2024-11-11 20:09:30,188 - SmartQueue - INFO - Download completed: berlioz - nyc in 1940
2024-11-11 20:09:30,402 - SmartQueue - INFO - Download completed: ode to rahsaan
2024-11-11 20:09:30,416 - SmartQueue - INFO - Download completed: berlioz - miro
2024-11-11 20:10:10,235 - SmartQueue - INFO - Added new download: Spotify Bricked The Car Thing, So I Hacked Mine
2024-11-11 20:10:11,659 - SmartQueue - INFO - Download completed: Spotify Bricked The Car Thing, So I Hacked Mine
2024-11-11 20:12:48,991 - SmartQueue - INFO - Added new download: 2024 FIRST Robotics Competition CRESCENDO presented by Haas Game Animation
2024-11-11 20:12:49,348 - SmartQueue - WARNING - Retrying download (1/3): 2024 FIRST Robotics Competition CRESCENDO presented by Haas Game Animation
2024-11-11 20:13:14,878 - SmartQueue - INFO - Added new download: 2024 FIRST Robotics Competition CRESCENDO presented by Haas Game Animation
2024-11-11 20:13:17,253 - SmartQueue - INFO - Download completed: 2024 FIRST Robotics Competition CRESCENDO presented by Haas Game Animation
